{
  "stats": {
    "suites": 1,
    "tests": 1,
    "passes": 0,
    "pending": 0,
    "failures": 1,
    "start": "2025-01-22T10:13:03.714Z",
    "end": "2025-01-22T10:13:43.991Z",
    "duration": 40277,
    "testsRegistered": 1,
    "passPercent": 0,
    "pendingPercent": 0,
    "other": 0,
    "hasOther": false,
    "skipped": 0,
    "hasSkipped": false
  },
  "results": [
    {
      "uuid": "52bbd98e-22d8-4c48-af69-699d97ce60d0",
      "title": "",
      "fullFile": "cypress\\e2e\\ui\\Assignment.cy.js",
      "file": "cypress\\e2e\\ui\\Assignment.cy.js",
      "beforeHooks": [],
      "afterHooks": [],
      "tests": [],
      "suites": [
        {
          "uuid": "813b9aa2-00e5-4d91-bf8d-5ac1ef2933d4",
          "title": "CustomerFNFSignUp",
          "fullFile": "",
          "file": "",
          "beforeHooks": [],
          "afterHooks": [],
          "tests": [
            {
              "title": "HappyflowofcustomerFNFsignup",
              "fullTitle": "CustomerFNFSignUp HappyflowofcustomerFNFsignup",
              "timedOut": null,
              "duration": 33747,
              "state": "failed",
              "speed": null,
              "pass": false,
              "fail": true,
              "pending": false,
              "context": null,
              "code": "// Visit the registration page\ncustomerRegistrationPage.visit('/register', 'customer', 'qa');\n// Simulate form interactions\ncustomerRegistrationPage.clickFnFButton();\ncustomerRegistrationPage.fillPersonalInfo();\ncustomerRegistrationPage.fillAddressDetails();\ncustomerRegistrationPage.fillContactDetails();\ncustomerRegistrationPage.setPassword();\ncustomerRegistrationPage.selectSuggestion();\ncustomerRegistrationPage.acceptTermsAndConditions();\ncustomerRegistrationPage.clickAgreeAndSignUp();\n/*\n// Wait for the reCAPTCHA request and verify the response\ncy.wait('@recaptchaVerify', { timeout: 10000 }).then((interception) => {\n  expect(interception.response.body.success).to.be.true;\n});*/",
              "err": {
                "message": "AssertionError: Timed out retrying after 15000ms: Expected to find element: `#agree_and_signup_btn1`, but never found it.",
                "estack": "AssertionError: Timed out retrying after 15000ms: Expected to find element: `#agree_and_signup_btn1`, but never found it.\n    at CustomerRegistrationPage.clickAgreeAndSignUp (webpack://trainingsession/./cypress/pages/CustomerRegistration.cy.js:77:7)\n    at Context.eval (webpack://trainingsession/./cypress/e2e/ui/Assignment.cy.js:76:29)",
                "diff": null
              },
              "uuid": "fdbfcc03-833c-492e-8869-f5258c3e533b",
              "parentUUID": "813b9aa2-00e5-4d91-bf8d-5ac1ef2933d4",
              "isHook": false,
              "skipped": false
            }
          ],
          "suites": [],
          "passes": [],
          "failures": [
            "fdbfcc03-833c-492e-8869-f5258c3e533b"
          ],
          "pending": [],
          "skipped": [],
          "duration": 33747,
          "root": false,
          "rootEmpty": false,
          "_timeout": 2000
        }
      ],
      "passes": [],
      "failures": [],
      "pending": [],
      "skipped": [],
      "duration": 0,
      "root": true,
      "rootEmpty": true,
      "_timeout": 2000
    }
  ],
  "meta": {
    "mocha": {
      "version": "7.0.1"
    },
    "mochawesome": {
      "options": {
        "quiet": false,
        "reportFilename": "mochawesome",
        "saveHtml": true,
        "saveJson": true,
        "consoleReporter": "spec",
        "useInlineDiffs": false,
        "code": true
      },
      "version": "7.1.3"
    },
    "marge": {
      "options": {
        "reportDir": "cypress/reports",
        "overwrite": false,
        "html": true,
        "json": true,
        "embeddedScreenshots": true,
        "inlineAssets": true,
        "charts": true
      },
      "version": "6.2.0"
    }
  }
}